# JRE version: Java(TM) SE Runtime Environment (8.0_191-b12) (build 1.8.0_191-b12)
# Java VM: Java HotSpot(TM) 64-Bit Server VM (25.191-b12 mixed mode windows-amd64 compressed oops)
Heap:
 PSYoungGen      total 38400K, used 26538K [0x00000000d5d00000, 0x00000000d8780000, 0x0000000100000000)
  eden space 33280K, 64% used [0x00000000d5d00000,0x00000000d71ecf28,0x00000000d7d80000)
  from space 5120K, 99% used [0x00000000d8280000,0x00000000d877d998,0x00000000d8780000)
  to   space 5120K, 0% used [0x00000000d7d80000,0x00000000d7d80000,0x00000000d8280000)
 ParOldGen       total 66048K, used 18352K [0x0000000081600000, 0x0000000085680000, 0x00000000d5d00000)
  object space 66048K, 27% used [0x0000000081600000,0x00000000827ec010,0x0000000085680000)
 Metaspace       used 33344K, capacity 33694K, committed 34048K, reserved 1079296K
  class space    used 4380K, capacity 4483K, committed 4608K, reserved 1048576K
GC Heap History (10 events):
Event: 23.419 GC heap before
{Heap before GC invocations=1 (full 0):
 PSYoungGen      total 38400K, used 33280K [0x00000000d5d00000, 0x00000000d8780000, 0x0000000100000000)
  eden space 33280K, 100% used [0x00000000d5d00000,0x00000000d7d80000,0x00000000d7d80000)
  from space 5120K, 0% used [0x00000000d8280000,0x00000000d8280000,0x00000000d8780000)
  to   space 5120K, 0% used [0x00000000d7d80000,0x00000000d7d80000,0x00000000d8280000)
 ParOldGen       total 87552K, used 0K [0x0000000081600000, 0x0000000086b80000, 0x00000000d5d00000)
  object space 87552K, 0% used [0x0000000081600000,0x0000000081600000,0x0000000086b80000)
 Metaspace       used 13220K, capacity 13420K, committed 13568K, reserved 1060864K
  class space    used 1693K, capacity 1768K, committed 1792K, reserved 1048576K
Event: 23.432 GC heap after
Heap after GC invocations=1 (full 0):
 PSYoungGen      total 38400K, used 3395K [0x00000000d5d00000, 0x00000000d8780000, 0x0000000100000000)
  eden space 33280K, 0% used [0x00000000d5d00000,0x00000000d5d00000,0x00000000d7d80000)
  from space 5120K, 66% used [0x00000000d7d80000,0x00000000d80d0c20,0x00000000d8280000)
  to   space 5120K, 0% used [0x00000000d8280000,0x00000000d8280000,0x00000000d8780000)
 ParOldGen       total 87552K, used 10703K [0x0000000081600000, 0x0000000086b80000, 0x00000000d5d00000)
  object space 87552K, 12% used [0x0000000081600000,0x0000000082073c20,0x0000000086b80000)
 Metaspace       used 13220K, capacity 13420K, committed 13568K, reserved 1060864K
  class space    used 1693K, capacity 1768K, committed 1792K, reserved 1048576K
}
Event: 26.194 GC heap before
{Heap before GC invocations=2 (full 0):
 PSYoungGen      total 38400K, used 36637K [0x00000000d5d00000, 0x00000000d8780000, 0x0000000100000000)
  eden space 33280K, 99% used [0x00000000d5d00000,0x00000000d7d769a0,0x00000000d7d80000)
  from space 5120K, 66% used [0x00000000d7d80000,0x00000000d80d0c20,0x00000000d8280000)
  to   space 5120K, 0% used [0x00000000d8280000,0x00000000d8280000,0x00000000d8780000)
 ParOldGen       total 87552K, used 10703K [0x0000000081600000, 0x0000000086b80000, 0x00000000d5d00000)
  object space 87552K, 12% used [0x0000000081600000,0x0000000082073c20,0x0000000086b80000)
 Metaspace       used 19662K, capacity 19896K, committed 20096K, reserved 1067008K
  class space    used 2513K, capacity 2604K, committed 2688K, reserved 1048576K
Event: 26.205 GC heap after
Heap after GC invocations=2 (full 0):
 PSYoungGen      total 38400K, used 5115K [0x00000000d5d00000, 0x00000000d8780000, 0x0000000100000000)
  eden space 33280K, 0% used [0x00000000d5d00000,0x00000000d5d00000,0x00000000d7d80000)
  from space 5120K, 99% used [0x00000000d8280000,0x00000000d877ed28,0x00000000d8780000)
  to   space 5120K, 0% used [0x00000000d7d80000,0x00000000d7d80000,0x00000000d8280000)
 ParOldGen       total 87552K, used 12174K [0x0000000081600000, 0x0000000086b80000, 0x00000000d5d00000)
  object space 87552K, 13% used [0x0000000081600000,0x00000000821e3bf0,0x0000000086b80000)
 Metaspace       used 19662K, capacity 19896K, committed 20096K, reserved 1067008K
  class space    used 2513K, capacity 2604K, committed 2688K, reserved 1048576K
}
Event: 26.387 GC heap before
{Heap before GC invocations=3 (full 0):
 PSYoungGen      total 38400K, used 11441K [0x00000000d5d00000, 0x00000000d8780000, 0x0000000100000000)
  eden space 33280K, 19% used [0x00000000d5d00000,0x00000000d632d978,0x00000000d7d80000)
  from space 5120K, 99% used [0x00000000d8280000,0x00000000d877ed28,0x00000000d8780000)
  to   space 5120K, 0% used [0x00000000d7d80000,0x00000000d7d80000,0x00000000d8280000)
 ParOldGen       total 87552K, used 12174K [0x0000000081600000, 0x0000000086b80000, 0x00000000d5d00000)
  object space 87552K, 13% used [0x0000000081600000,0x00000000821e3bf0,0x0000000086b80000)
 Metaspace       used 20870K, capacity 21118K, committed 21248K, reserved 1067008K
  class space    used 2715K, capacity 2797K, committed 2816K, reserved 1048576K
Event: 26.396 GC heap after
Heap after GC invocations=3 (full 0):
 PSYoungGen      total 38400K, used 5102K [0x00000000d5d00000, 0x00000000d8780000, 0x0000000100000000)
  eden space 33280K, 0% used [0x00000000d5d00000,0x00000000d5d00000,0x00000000d7d80000)
  from space 5120K, 99% used [0x00000000d7d80000,0x00000000d827b878,0x00000000d8280000)
  to   space 5120K, 0% used [0x00000000d8280000,0x00000000d8280000,0x00000000d8780000)
 ParOldGen       total 87552K, used 12685K [0x0000000081600000, 0x0000000086b80000, 0x00000000d5d00000)
  object space 87552K, 14% used [0x0000000081600000,0x0000000082263588,0x0000000086b80000)
 Metaspace       used 20870K, capacity 21118K, committed 21248K, reserved 1067008K
  class space    used 2715K, capacity 2797K, committed 2816K, reserved 1048576K
}
Event: 26.396 GC heap before
{Heap before GC invocations=4 (full 1):
 PSYoungGen      total 38400K, used 5102K [0x00000000d5d00000, 0x00000000d8780000, 0x0000000100000000)
  eden space 33280K, 0% used [0x00000000d5d00000,0x00000000d5d00000,0x00000000d7d80000)
  from space 5120K, 99% used [0x00000000d7d80000,0x00000000d827b878,0x00000000d8280000)
  to   space 5120K, 0% used [0x00000000d8280000,0x00000000d8280000,0x00000000d8780000)
 ParOldGen       total 87552K, used 12685K [0x0000000081600000, 0x0000000086b80000, 0x00000000d5d00000)
  object space 87552K, 14% used [0x0000000081600000,0x0000000082263588,0x0000000086b80000)
 Metaspace       used 20870K, capacity 21118K, committed 21248K, reserved 1067008K
  class space    used 2715K, capacity 2797K, committed 2816K, reserved 1048576K
Event: 26.438 GC heap after
Heap after GC invocations=4 (full 1):
 PSYoungGen      total 38400K, used 0K [0x00000000d5d00000, 0x00000000d8780000, 0x0000000100000000)
  eden space 33280K, 0% used [0x00000000d5d00000,0x00000000d5d00000,0x00000000d7d80000)
  from space 5120K, 0% used [0x00000000d7d80000,0x00000000d7d80000,0x00000000d8280000)
  to   space 5120K, 0% used [0x00000000d8280000,0x00000000d8280000,0x00000000d8780000)
 ParOldGen       total 66048K, used 16262K [0x0000000081600000, 0x0000000085680000, 0x00000000d5d00000)
  object space 66048K, 24% used [0x0000000081600000,0x00000000825e1828,0x0000000085680000)
 Metaspace       used 20870K, capacity 21118K, committed 21248K, reserved 1067008K
  class space    used 2715K, capacity 2797K, committed 2816K, reserved 1048576K
}
Event: 27.618 GC heap before
{Heap before GC invocations=5 (full 1):
 PSYoungGen      total 38400K, used 33280K [0x00000000d5d00000, 0x00000000d8780000, 0x0000000100000000)
  eden space 33280K, 100% used [0x00000000d5d00000,0x00000000d7d80000,0x00000000d7d80000)
  from space 5120K, 0% used [0x00000000d7d80000,0x00000000d7d80000,0x00000000d8280000)
  to   space 5120K, 0% used [0x00000000d8280000,0x00000000d8280000,0x00000000d8780000)
 ParOldGen       total 66048K, used 16262K [0x0000000081600000, 0x0000000085680000, 0x00000000d5d00000)
  object space 66048K, 24% used [0x0000000081600000,0x00000000825e1828,0x0000000085680000)
 Metaspace       used 28049K, capacity 28416K, committed 28672K, reserved 1075200K
  class space    used 3652K, capacity 3752K, committed 3840K, reserved 1048576K
Event: 27.628 GC heap after
Heap after GC invocations=5 (full 1):
 PSYoungGen      total 38400K, used 5110K [0x00000000d5d00000, 0x00000000d8780000, 0x0000000100000000)
  eden space 33280K, 0% used [0x00000000d5d00000,0x00000000d5d00000,0x00000000d7d80000)
  from space 5120K, 99% used [0x00000000d8280000,0x00000000d877d998,0x00000000d8780000)
  to   space 5120K, 0% used [0x00000000d7d80000,0x00000000d7d80000,0x00000000d8280000)
 ParOldGen       total 66048K, used 18352K [0x0000000081600000, 0x0000000085680000, 0x00000000d5d00000)
  object space 66048K, 27% used [0x0000000081600000,0x00000000827ec010,0x0000000085680000)
 Metaspace       used 28049K, capacity 28416K, committed 28672K, reserved 1075200K
  class space    used 3652K, capacity 3752K, committed 3840K, reserved 1048576K
}

