# JRE version: Java(TM) SE Runtime Environment (8.0_191-b12) (build 1.8.0_191-b12)
# Java VM: Java HotSpot(TM) 64-Bit Server VM (25.191-b12 mixed mode windows-amd64 compressed oops)
Heap:
 PSYoungGen      total 38400K, used 30360K [0x00000000d5d00000, 0x00000000d9400000, 0x0000000100000000)
  eden space 33280K, 75% used [0x00000000d5d00000,0x00000000d75a9090,0x00000000d7d80000)
  from space 5120K, 99% used [0x00000000d8280000,0x00000000d877d190,0x00000000d8780000)
  to   space 5120K, 0% used [0x00000000d7d80000,0x00000000d7d80000,0x00000000d8280000)
 ParOldGen       total 86528K, used 18208K [0x0000000081600000, 0x0000000086a80000, 0x00000000d5d00000)
  object space 86528K, 21% used [0x0000000081600000,0x00000000827c81e0,0x0000000086a80000)
 Metaspace       used 33510K, capacity 33886K, committed 34304K, reserved 1079296K
  class space    used 4383K, capacity 4483K, committed 4608K, reserved 1048576K
GC Heap History (10 events):
Event: 9.044 GC heap before
{Heap before GC invocations=1 (full 0):
 PSYoungGen      total 38400K, used 33280K [0x00000000d5d00000, 0x00000000d8780000, 0x0000000100000000)
  eden space 33280K, 100% used [0x00000000d5d00000,0x00000000d7d80000,0x00000000d7d80000)
  from space 5120K, 0% used [0x00000000d8280000,0x00000000d8280000,0x00000000d8780000)
  to   space 5120K, 0% used [0x00000000d7d80000,0x00000000d7d80000,0x00000000d8280000)
 ParOldGen       total 87552K, used 0K [0x0000000081600000, 0x0000000086b80000, 0x00000000d5d00000)
  object space 87552K, 0% used [0x0000000081600000,0x0000000081600000,0x0000000086b80000)
 Metaspace       used 13324K, capacity 13516K, committed 13696K, reserved 1060864K
  class space    used 1730K, capacity 1800K, committed 1920K, reserved 1048576K
Event: 9.058 GC heap after
Heap after GC invocations=1 (full 0):
 PSYoungGen      total 38400K, used 3661K [0x00000000d5d00000, 0x00000000d8780000, 0x0000000100000000)
  eden space 33280K, 0% used [0x00000000d5d00000,0x00000000d5d00000,0x00000000d7d80000)
  from space 5120K, 71% used [0x00000000d7d80000,0x00000000d81136c0,0x00000000d8280000)
  to   space 5120K, 0% used [0x00000000d8280000,0x00000000d8280000,0x00000000d8780000)
 ParOldGen       total 87552K, used 14078K [0x0000000081600000, 0x0000000086b80000, 0x00000000d5d00000)
  object space 87552K, 16% used [0x0000000081600000,0x00000000823bf830,0x0000000086b80000)
 Metaspace       used 13324K, capacity 13516K, committed 13696K, reserved 1060864K
  class space    used 1730K, capacity 1800K, committed 1920K, reserved 1048576K
}
Event: 11.551 GC heap before
{Heap before GC invocations=2 (full 0):
 PSYoungGen      total 38400K, used 36941K [0x00000000d5d00000, 0x00000000d8780000, 0x0000000100000000)
  eden space 33280K, 100% used [0x00000000d5d00000,0x00000000d7d80000,0x00000000d7d80000)
  from space 5120K, 71% used [0x00000000d7d80000,0x00000000d81136c0,0x00000000d8280000)
  to   space 5120K, 0% used [0x00000000d8280000,0x00000000d8280000,0x00000000d8780000)
 ParOldGen       total 87552K, used 14078K [0x0000000081600000, 0x0000000086b80000, 0x00000000d5d00000)
  object space 87552K, 16% used [0x0000000081600000,0x00000000823bf830,0x0000000086b80000)
 Metaspace       used 19941K, capacity 20216K, committed 20352K, reserved 1067008K
  class space    used 2572K, capacity 2668K, committed 2688K, reserved 1048576K
Event: 11.561 GC heap after
Heap after GC invocations=2 (full 0):
 PSYoungGen      total 38400K, used 5098K [0x00000000d5d00000, 0x00000000d8780000, 0x0000000100000000)
  eden space 33280K, 0% used [0x00000000d5d00000,0x00000000d5d00000,0x00000000d7d80000)
  from space 5120K, 99% used [0x00000000d8280000,0x00000000d877ab50,0x00000000d8780000)
  to   space 5120K, 0% used [0x00000000d7d80000,0x00000000d7d80000,0x00000000d8280000)
 ParOldGen       total 87552K, used 15759K [0x0000000081600000, 0x0000000086b80000, 0x00000000d5d00000)
  object space 87552K, 17% used [0x0000000081600000,0x0000000082563d20,0x0000000086b80000)
 Metaspace       used 19941K, capacity 20216K, committed 20352K, reserved 1067008K
  class space    used 2572K, capacity 2668K, committed 2688K, reserved 1048576K
}
Event: 11.915 GC heap before
{Heap before GC invocations=3 (full 0):
 PSYoungGen      total 38400K, used 10845K [0x00000000d5d00000, 0x00000000d8780000, 0x0000000100000000)
  eden space 33280K, 17% used [0x00000000d5d00000,0x00000000d629cc50,0x00000000d7d80000)
  from space 5120K, 99% used [0x00000000d8280000,0x00000000d877ab50,0x00000000d8780000)
  to   space 5120K, 0% used [0x00000000d7d80000,0x00000000d7d80000,0x00000000d8280000)
 ParOldGen       total 87552K, used 15759K [0x0000000081600000, 0x0000000086b80000, 0x00000000d5d00000)
  object space 87552K, 17% used [0x0000000081600000,0x0000000082563d20,0x0000000086b80000)
 Metaspace       used 20908K, capacity 21118K, committed 21248K, reserved 1067008K
  class space    used 2729K, capacity 2797K, committed 2816K, reserved 1048576K
Event: 11.923 GC heap after
Heap after GC invocations=3 (full 0):
 PSYoungGen      total 38400K, used 5099K [0x00000000d5d00000, 0x00000000d8780000, 0x0000000100000000)
  eden space 33280K, 0% used [0x00000000d5d00000,0x00000000d5d00000,0x00000000d7d80000)
  from space 5120K, 99% used [0x00000000d7d80000,0x00000000d827af40,0x00000000d8280000)
  to   space 5120K, 0% used [0x00000000d8280000,0x00000000d8280000,0x00000000d8780000)
 ParOldGen       total 87552K, used 16163K [0x0000000081600000, 0x0000000086b80000, 0x00000000d5d00000)
  object space 87552K, 18% used [0x0000000081600000,0x00000000825c8ee8,0x0000000086b80000)
 Metaspace       used 20908K, capacity 21118K, committed 21248K, reserved 1067008K
  class space    used 2729K, capacity 2797K, committed 2816K, reserved 1048576K
}
Event: 11.923 GC heap before
{Heap before GC invocations=4 (full 1):
 PSYoungGen      total 38400K, used 5099K [0x00000000d5d00000, 0x00000000d8780000, 0x0000000100000000)
  eden space 33280K, 0% used [0x00000000d5d00000,0x00000000d5d00000,0x00000000d7d80000)
  from space 5120K, 99% used [0x00000000d7d80000,0x00000000d827af40,0x00000000d8280000)
  to   space 5120K, 0% used [0x00000000d8280000,0x00000000d8280000,0x00000000d8780000)
 ParOldGen       total 87552K, used 16163K [0x0000000081600000, 0x0000000086b80000, 0x00000000d5d00000)
  object space 87552K, 18% used [0x0000000081600000,0x00000000825c8ee8,0x0000000086b80000)
 Metaspace       used 20908K, capacity 21118K, committed 21248K, reserved 1067008K
  class space    used 2729K, capacity 2797K, committed 2816K, reserved 1048576K
Event: 12.072 GC heap after
Heap after GC invocations=4 (full 1):
 PSYoungGen      total 38400K, used 0K [0x00000000d5d00000, 0x00000000d8780000, 0x0000000100000000)
  eden space 33280K, 0% used [0x00000000d5d00000,0x00000000d5d00000,0x00000000d7d80000)
  from space 5120K, 0% used [0x00000000d7d80000,0x00000000d7d80000,0x00000000d8280000)
  to   space 5120K, 0% used [0x00000000d8280000,0x00000000d8280000,0x00000000d8780000)
 ParOldGen       total 86528K, used 16214K [0x0000000081600000, 0x0000000086a80000, 0x00000000d5d00000)
  object space 86528K, 18% used [0x0000000081600000,0x00000000825d5b80,0x0000000086a80000)
 Metaspace       used 20908K, capacity 21118K, committed 21248K, reserved 1067008K
  class space    used 2729K, capacity 2797K, committed 2816K, reserved 1048576K
}
Event: 14.610 GC heap before
{Heap before GC invocations=5 (full 1):
 PSYoungGen      total 38400K, used 33280K [0x00000000d5d00000, 0x00000000d8780000, 0x0000000100000000)
  eden space 33280K, 100% used [0x00000000d5d00000,0x00000000d7d80000,0x00000000d7d80000)
  from space 5120K, 0% used [0x00000000d7d80000,0x00000000d7d80000,0x00000000d8280000)
  to   space 5120K, 0% used [0x00000000d8280000,0x00000000d8280000,0x00000000d8780000)
 ParOldGen       total 86528K, used 16214K [0x0000000081600000, 0x0000000086a80000, 0x00000000d5d00000)
  object space 86528K, 18% used [0x0000000081600000,0x00000000825d5b80,0x0000000086a80000)
 Metaspace       used 28052K, capacity 28416K, committed 28672K, reserved 1075200K
  class space    used 3660K, capacity 3752K, committed 3840K, reserved 1048576K
Event: 14.623 GC heap after
Heap after GC invocations=5 (full 1):
 PSYoungGen      total 38400K, used 5108K [0x00000000d5d00000, 0x00000000d9400000, 0x0000000100000000)
  eden space 33280K, 0% used [0x00000000d5d00000,0x00000000d5d00000,0x00000000d7d80000)
  from space 5120K, 99% used [0x00000000d8280000,0x00000000d877d190,0x00000000d8780000)
  to   space 5120K, 0% used [0x00000000d7d80000,0x00000000d7d80000,0x00000000d8280000)
 ParOldGen       total 86528K, used 18208K [0x0000000081600000, 0x0000000086a80000, 0x00000000d5d00000)
  object space 86528K, 21% used [0x0000000081600000,0x00000000827c81e0,0x0000000086a80000)
 Metaspace       used 28052K, capacity 28416K, committed 28672K, reserved 1075200K
  class space    used 3660K, capacity 3752K, committed 3840K, reserved 1048576K
}

